<?xml version="1.0" encoding="UTF-8"?>
<testsuite name="(Unit) PasswordValidator" tests="3" skipped="0" failures="0" errors="0" timestamp="2023-01-21T17:05:02" hostname="RACHMANINOFF" time="0.017">
  <properties/>
  <testcase name="PasswordValidator.validate(String) should return false for invalid passwords." classname="br.com.fugisawa.passwordvalidator.PasswordValidatorTest" time="0.012"/>
  <testcase name="PasswordValidator.validate(String) should return true for valid passwords." classname="br.com.fugisawa.passwordvalidator.PasswordValidatorTest" time="0.002"/>
  <testcase name="PasswordValidator.withPredicate() should allow using custom predicates." classname="br.com.fugisawa.passwordvalidator.PasswordValidatorTest" time="0.001"/>
  <system-out><![CDATA[]]></system-out>
  <system-err><![CDATA[]]></system-err>
</testsuite>
